<?xml version="1.0" encoding="UTF-8"?>
<!-- Generated by org.testng.reporters.JUnitXMLReporter -->
<testsuite ignored="0" hostname="LAPTOP-AHOITM2J" failures="1" tests="1" name="Test" time="0.104" errors="0" timestamp="2025-01-07T22:47:22 IST">
  <testcase classname="testScripts.Basic_Test" name="@AfterMethod breakDown" time="0.013">
    <failure type="java.lang.NullPointerException" message="Cannot invoke &amp;quot;org.openqa.selenium.TakesScreenshot.getScreenshotAs(org.openqa.selenium.OutputType)&amp;quot; because &amp;quot;scr&amp;quot; is null">
      <![CDATA[java.lang.NullPointerException: Cannot invoke "org.openqa.selenium.TakesScreenshot.getScreenshotAs(org.openqa.selenium.OutputType)" because "scr" is null
at utilitypackage.Screenshotutility.techScreenshot(Screenshotutility.java:19)
at testScripts.Basic_Test.breakDown(Basic_Test.java:40)
at java.base/java.util.ArrayList.forEach(ArrayList.java:1597)
... Removed 30 stack frames]]>
    </failure>
  </testcase> <!-- @AfterMethod breakDown -->
  <testcase classname="testScripts.Basic_Test" name="m1" time="0.017">
    <failure type="java.lang.NullPointerException" message="Cannot invoke &amp;quot;String.equals(Object)&amp;quot; because &amp;quot;browsername&amp;quot; is null">
      <![CDATA[java.lang.NullPointerException: Cannot invoke "String.equals(Object)" because "browsername" is null
at testScripts.GenericTestforall.initialisedriver(GenericTestforall.java:25)
at testScripts.GenericTestforall.tryloginandgotoreg(GenericTestforall.java:53)
at testScripts.Basic_Test.m1(Basic_Test.java:26)
at java.base/java.util.ArrayList.forEach(ArrayList.java:1597)
... Removed 25 stack frames]]>
    </failure>
  </testcase> <!-- m1 -->
</testsuite> <!-- Test -->
